<?xml version="1.0" encoding="UTF-8"?>
<!-- Generated by org.testng.reporters.JUnitReportReporter -->
<testsuite hostname="GiriLaptop" failures="0" tests="1" name="AdminTest.basictest" time="9.169" errors="0" timestamp="2022-06-09T21:29:22 IST" skipped="0">
  <testcase classname="AdminTest.basictest" name="test" time="9.169"/>
  <system-out/>
</testsuite> <!-- AdminTest.basictest -->
