<?xml version="1.0" encoding="UTF-8"?>
<!-- Generated by org.testng.reporters.JUnitReportReporter -->
<testsuite hostname="GiriLaptop" failures="0" tests="1" name="AdminTest.Logintest" time="35.694" errors="0" timestamp="2022-06-15T22:23:47 IST" skipped="0">
  <testcase classname="AdminTest.Logintest" name="adminlogintest" time="35.694"/>
  <system-out/>
</testsuite> <!-- AdminTest.Logintest -->
