<?xml version="1.0" encoding="UTF-8"?>
<!-- Generated by org.testng.reporters.JUnitReportReporter -->
<testsuite hostname="GiriLaptop" failures="0" tests="1" name="AdminTest.FrontofficeTest" time="31.811" errors="0" timestamp="2022-06-15T22:23:47 IST" skipped="0">
  <testcase classname="AdminTest.FrontofficeTest" name="testfrontoffice" time="31.811"/>
  <system-out/>
</testsuite> <!-- AdminTest.FrontofficeTest -->
